
/home/runner/work/exp-interpolation-hermite-spline-interpolation-cubic-iitb/exp-interpolation-hermite-spline-interpolation-cubic-iitb/experiment/simulation/common_libraries/js/ts_components/collapse_step.js
   1:10  warning  'show_step' is defined but never used                 no-unused-vars
   2:5   warning  '$' is not defined                                    no-undef
   3:9   warning  '$' is not defined                                    no-undef
   6:10  warning  'hide_step' is defined but never used                 no-unused-vars
   7:5   warning  '$' is not defined                                    no-undef
   8:9   warning  '$' is not defined                                    no-undef
  11:10  warning  'get_collapse_btn_text' is defined but never used     no-unused-vars
  20:10  warning  'get_collapse_btn_element' is defined but never used  no-unused-vars
  29:10  warning  'hide_all_steps' is defined but never used            no-unused-vars
  31:9   warning  '$' is not defined                                    no-undef

/home/runner/work/exp-interpolation-hermite-spline-interpolation-cubic-iitb/exp-interpolation-hermite-spline-interpolation-cubic-iitb/experiment/simulation/common_libraries/js/ts_components/matrix.js
   27:26  warning  'MathJax' is not defined                                no-undef
   32:7   warning  'Matrix_Without_String' is defined but never used       no-unused-vars
   52:26  warning  'MathJax' is not defined                                no-undef
   56:10  warning  'get_matrix_html' is defined but never used             no-unused-vars
   87:13  warning  'row_html' is assigned a value but never used           no-unused-vars
   99:10  warning  'get_matrix_html_with_title' is defined but never used  no-unused-vars
  131:13  warning  'row_html' is assigned a value but never used           no-unused-vars
  143:10  warning  'convert_2d_to_1d_vector' is defined but never used     no-unused-vars
  156:10  warning  'convert_1d_to_2d_matrix' is defined but never used     no-unused-vars

/home/runner/work/exp-interpolation-hermite-spline-interpolation-cubic-iitb/exp-interpolation-hermite-spline-interpolation-cubic-iitb/experiment/simulation/common_libraries/js/ts_components/pannel.js
  8:7  warning  'Pannel' is defined but never used  no-unused-vars

/home/runner/work/exp-interpolation-hermite-spline-interpolation-cubic-iitb/exp-interpolation-hermite-spline-interpolation-cubic-iitb/experiment/simulation/common_libraries/js/ts_components/questions.js
   6:17  warning  'op1' is assigned a value but never used      no-unused-vars
   7:17  warning  'op2' is assigned a value but never used      no-unused-vars
   8:17  warning  'op3' is assigned a value but never used      no-unused-vars
   9:17  warning  'op4' is assigned a value but never used      no-unused-vars
  94:7   warning  'Question_Options' is defined but never used  no-unused-vars

/home/runner/work/exp-interpolation-hermite-spline-interpolation-cubic-iitb/exp-interpolation-hermite-spline-interpolation-cubic-iitb/experiment/simulation/common_libraries/js/ts_components/tables.js
   19:22  warning  'verify_values' is not defined                                     no-undef
  137:22  warning  'verify_values' is not defined                                     no-undef
  260:7   warning  'Verify_Rows_Cols_6_decimal_places' is defined but never used      no-unused-vars
  311:22  warning  'verify_values' is not defined                                     no-undef
  416:7   warning  'Verify_Rows_Cols_Custom_Fixed_Update1' is defined but never used  no-unused-vars
  468:7   warning  'Show_Table_Custom_Fixed' is defined but never used                no-unused-vars
  506:7   warning  'Verify_Rows_Cols_Strings' is defined but never used               no-unused-vars
  527:22  warning  'verify_values' is not defined                                     no-undef
  663:7   warning  'Display_Table' is defined but never used                          no-unused-vars

/home/runner/work/exp-interpolation-hermite-spline-interpolation-cubic-iitb/exp-interpolation-hermite-spline-interpolation-cubic-iitb/experiment/simulation/common_libraries/js/ts_math_library/general_math_functions.js
    1:10  warning  'verify_values' is defined but never used                   no-unused-vars
   17:10  warning  'random1' is defined but never used                         no-unused-vars
   21:10  warning  'std_deviation' is defined but never used                   no-unused-vars
   26:10  warning  'gauss' is defined but never used                           no-unused-vars
   56:10  warning  'hide_panel' is defined but never used                      no-unused-vars
   63:10  warning  'inverse_matrix' is defined but never used                  no-unused-vars
   96:10  warning  'matrix_multiplication' is defined but never used           no-unused-vars
  113:10  warning  'transpose_matrix' is defined but never used                no-unused-vars
  123:10  warning  'matrix_multiplication_8decimal' is defined but never used  no-unused-vars
  140:10  warning  'adjoint_2x2_matrix' is defined but never used              no-unused-vars
  145:10  warning  'find_deteminant' is defined but never used                 no-unused-vars
  174:10  warning  'get_Submatrix' is defined but never used                   no-unused-vars

/home/runner/work/exp-interpolation-hermite-spline-interpolation-cubic-iitb/exp-interpolation-hermite-spline-interpolation-cubic-iitb/experiment/simulation/common_libraries/js/ts_math_library/regression.js
   1:10  warning  'regression_linear' is defined but never used            no-unused-vars
  18:10  warning  'regression_linear_1variable' is defined but never used  no-unused-vars
  27:10  warning  'regression_linear_2variable' is defined but never used  no-unused-vars
  52:11  warning  'gauss' is not defined                                   no-undef

/home/runner/work/exp-interpolation-hermite-spline-interpolation-cubic-iitb/exp-interpolation-hermite-spline-interpolation-cubic-iitb/experiment/simulation/common_libraries/math.ob.js
  1:745  warning  'b' is already defined  no-redeclare

/home/runner/work/exp-interpolation-hermite-spline-interpolation-cubic-iitb/exp-interpolation-hermite-spline-interpolation-cubic-iitb/experiment/simulation/js/activity1.js
   13:9   warning  'MathJax' is not defined                    no-undef
   19:9   warning  'xh' is not defined                         no-undef
   21:40  warning  'xh' is not defined                         no-undef
   23:5   warning  'x_val' is not defined                      no-undef
   23:16  warning  'xh' is not defined                         no-undef
   25:9   warning  'x_val' is not defined                      no-undef
   25:30  warning  'x_val' is not defined                      no-undef
   25:45  warning  'xh' is not defined                         no-undef
   27:28  warning  'x_val' is not defined                      no-undef
   30:9   warning  'y_val' is not defined                      no-undef
   32:29  warning  'y_val' is not defined                      no-undef
   35:9   warning  'x_dash' is not defined                     no-undef
   36:9   warning  'x_dash' is not defined                     no-undef
   36:32  warning  'x_dash' is not defined                     no-undef
   38:40  warning  'x_dash' is not defined                     no-undef
   40:9   warning  'y_dash' is not defined                     no-undef
   41:9   warning  'y_dash' is not defined                     no-undef
   41:32  warning  'y_dash' is not defined                     no-undef
   43:40  warning  'y_dash' is not defined                     no-undef
   45:5   warning  'u' is not defined                          no-undef
   48:10  warning  'start_act1' is defined but never used      no-unused-vars
   53:20  warning  'get_collapse_btn_text' is not defined      no-undef
  195:5   warning  'hide_all_steps' is not defined             no-undef
  198:9   warning  'show_step' is not defined                  no-undef
  201:9   warning  'MathJax' is not defined                    no-undef
  207:5   warning  'tb_data' is not defined                    no-undef
  210:21  warning  'x_val' is not defined                      no-undef
  211:24  warning  'x_val' is not defined                      no-undef
  212:9   warning  'tb_data' is not defined                    no-undef
  212:25  warning  'y_val' is not defined                      no-undef
  213:9   warning  'tb_data' is not defined                    no-undef
  213:25  warning  'x_dash' is not defined                     no-undef
  214:9   warning  'tb_data' is not defined                    no-undef
  214:25  warning  'y_dash' is not defined                     no-undef
  217:18  warning  'Display_Table' is not defined              no-undef
  217:40  warning  'tb_data' is not defined                    no-undef
  219:5   warning  'calculate_xu' is not defined               no-undef
  220:5   warning  'calculate_yu' is not defined               no-undef
  221:24  warning  'xu' is not defined                         no-undef
  222:24  warning  'yu' is not defined                         no-undef
  224:10  warning  'verify_xu_vals' is defined but never used  no-unused-vars
  246:10  warning  'verify_values' is not defined              no-undef
  246:82  warning  'xu' is not defined                         no-undef
  250:10  warning  'verify_values' is not defined              no-undef
  250:82  warning  'yu' is not defined                         no-undef
  254:10  warning  'verify_values' is not defined              no-undef
  254:82  warning  'xu' is not defined                         no-undef
  258:10  warning  'verify_values' is not defined              no-undef
  258:82  warning  'yu' is not defined                         no-undef
  262:10  warning  'verify_values' is not defined              no-undef
  262:82  warning  'xu' is not defined                         no-undef
  266:10  warning  'verify_values' is not defined              no-undef
  266:82  warning  'yu' is not defined                         no-undef
  270:10  warning  'verify_values' is not defined              no-undef
  270:82  warning  'xu' is not defined                         no-undef
  274:10  warning  'verify_values' is not defined              no-undef
  274:82  warning  'yu' is not defined                         no-undef
  278:10  warning  'verify_values' is not defined              no-undef
  278:82  warning  'xu' is not defined                         no-undef
  282:10  warning  'verify_values' is not defined              no-undef
  282:83  warning  'yu' is not defined                         no-undef
  288:24  warning  'xu' is not defined                         no-undef
  290:24  warning  'yu' is not defined                         no-undef
  292:24  warning  'xu' is not defined                         no-undef
  294:24  warning  'yu' is not defined                         no-undef
  296:24  warning  'xu' is not defined                         no-undef
  298:24  warning  'yu' is not defined                         no-undef
  300:24  warning  'xu' is not defined                         no-undef
  302:24  warning  'yu' is not defined                         no-undef
  304:24  warning  'xu' is not defined                         no-undef
  306:25  warning  'yu' is not defined                         no-undef
  331:25  warning  'x_val' is not defined                      no-undef
  332:21  warning  'x_val' is not defined                      no-undef
  332:34  warning  'y_val' is not defined                      no-undef
  334:25  warning  'xu' is not defined                         no-undef
  335:22  warning  'xu' is not defined                         no-undef
  335:32  warning  'yu' is not defined                         no-undef
  337:21  warning  'Chart' is not defined                      no-undef
  357:29  warning  'xu' is not defined                         no-undef

/home/runner/work/exp-interpolation-hermite-spline-interpolation-cubic-iitb/exp-interpolation-hermite-spline-interpolation-cubic-iitb/experiment/simulation/js/data.js
  1:5  warning  'xh' is assigned a value but never used       no-unused-vars
  2:5  warning  'x_val' is assigned a value but never used    no-unused-vars
  3:5  warning  'y_val' is assigned a value but never used    no-unused-vars
  4:5  warning  'x_dash' is assigned a value but never used   no-unused-vars
  5:5  warning  'y_dash' is assigned a value but never used   no-unused-vars
  6:5  warning  'u' is assigned a value but never used        no-unused-vars
  7:5  warning  'xu' is assigned a value but never used       no-unused-vars
  8:5  warning  'yu' is assigned a value but never used       no-unused-vars
  9:5  warning  'tb_data' is assigned a value but never used  no-unused-vars

/home/runner/work/exp-interpolation-hermite-spline-interpolation-cubic-iitb/exp-interpolation-hermite-spline-interpolation-cubic-iitb/experiment/simulation/js/hermite.js
   1:10   warning  'calculate_xu' is defined but never used  no-unused-vars
   8:9    warning  'xu' is not defined                       no-undef
   8:32   warning  'u' is not defined                        no-undef
   8:56   warning  'u' is not defined                        no-undef
   8:72   warning  'x_val' is not defined                    no-undef
   8:100  warning  'u' is not defined                        no-undef
   8:124  warning  'u' is not defined                        no-undef
   8:136  warning  'x_val' is not defined                    no-undef
   8:159  warning  'u' is not defined                        no-undef
   8:183  warning  'u' is not defined                        no-undef
   8:194  warning  'u' is not defined                        no-undef
   8:202  warning  'x_dash' is not defined                   no-undef
   8:226  warning  'u' is not defined                        no-undef
   8:246  warning  'u' is not defined                        no-undef
   8:258  warning  'x_dash' is not defined                   no-undef
  10:13   warning  'xu' is not defined                       no-undef
  12:10   warning  'calculate_yu' is defined but never used  no-unused-vars
  19:9    warning  'yu' is not defined                       no-undef
  19:32   warning  'u' is not defined                        no-undef
  19:56   warning  'u' is not defined                        no-undef
  19:72   warning  'y_val' is not defined                    no-undef
  19:100  warning  'u' is not defined                        no-undef
  19:124  warning  'u' is not defined                        no-undef
  19:136  warning  'y_val' is not defined                    no-undef
  19:159  warning  'u' is not defined                        no-undef
  19:183  warning  'u' is not defined                        no-undef
  19:194  warning  'u' is not defined                        no-undef
  19:202  warning  'y_dash' is not defined                   no-undef
  19:226  warning  'u' is not defined                        no-undef
  19:246  warning  'u' is not defined                        no-undef
  19:258  warning  'y_dash' is not defined                   no-undef
  21:13   warning  'yu' is not defined                       no-undef

/home/runner/work/exp-interpolation-hermite-spline-interpolation-cubic-iitb/exp-interpolation-hermite-spline-interpolation-cubic-iitb/experiment/simulation/js/screen_size.js
  1:10  warning  'set_screen_size' is defined but never used  no-unused-vars

✖ 172 problems (0 errors, 172 warnings)

